<?xml version="1.0" encoding="UTF-8"?>
<!-- Generated by org.testng.reporters.JUnitReportReporter -->
<testsuite hostname="DESKTOP-NSGLRTF" failures="0" tests="1" name="com.osa.runner.Runner" time="5.403" errors="0" timestamp="2023-07-19T16:00:41 EDT" skipped="0">
  <testcase classname="com.osa.runner.Runner" name="runScenario" time="5.403"/>
  <system-out/>
</testsuite> <!-- com.osa.runner.Runner -->
