<?xml version="1.0" encoding="UTF-8"?>
<testsuite xmlns:xsi="http://www.w3.org/2001/XMLSchema-instance" xsi:noNamespaceSchemaLocation="https://maven.apache.org/surefire/maven-surefire-plugin/xsd/surefire-test-report-3.0.xsd" version="3.0" name="TestSuite" time="10.47" tests="1" errors="0" skipped="0" failures="0">
  <properties>
    <property name="sun.desktop" value="windows"/>
    <property name="awt.toolkit" value="sun.awt.windows.WToolkit"/>
    <property name="java.specification.version" value="11"/>
    <property name="sun.cpu.isalist" value="amd64"/>
    <property name="sun.jnu.encoding" value="Cp1252"/>
    <property name="java.class.path" value="C:\Users\Nishita Jannat Alam\Desktop\OSA0821202220A\osa_api_final\target\test-classes;C:\Users\Nishita Jannat Alam\Desktop\OSA0821202220A\osa_api_final\target\classes;C:\Users\Nishita Jannat Alam\.m2\repository\io\rest-assured\rest-assured\5.3.0\rest-assured-5.3.0.jar;C:\Users\Nishita Jannat Alam\.m2\repository\org\apache\groovy\groovy\4.0.6\groovy-4.0.6.jar;C:\Users\Nishita Jannat Alam\.m2\repository\org\apache\groovy\groovy-xml\4.0.6\groovy-xml-4.0.6.jar;C:\Users\Nishita Jannat Alam\.m2\repository\org\apache\httpcomponents\httpclient\4.5.13\httpclient-4.5.13.jar;C:\Users\Nishita Jannat Alam\.m2\repository\org\apache\httpcomponents\httpcore\4.4.13\httpcore-4.4.13.jar;C:\Users\Nishita Jannat Alam\.m2\repository\commons-logging\commons-logging\1.2\commons-logging-1.2.jar;C:\Users\Nishita Jannat Alam\.m2\repository\commons-codec\commons-codec\1.11\commons-codec-1.11.jar;C:\Users\Nishita Jannat Alam\.m2\repository\org\apache\httpcomponents\httpmime\4.5.13\httpmime-4.5.13.jar;C:\Users\Nishita Jannat Alam\.m2\repository\org\hamcrest\hamcrest\2.1\hamcrest-2.1.jar;C:\Users\Nishita Jannat Alam\.m2\repository\org\ccil\cowan\tagsoup\tagsoup\1.2.1\tagsoup-1.2.1.jar;C:\Users\Nishita Jannat Alam\.m2\repository\io\rest-assured\json-path\5.3.0\json-path-5.3.0.jar;C:\Users\Nishita Jannat Alam\.m2\repository\org\apache\groovy\groovy-json\4.0.6\groovy-json-4.0.6.jar;C:\Users\Nishita Jannat Alam\.m2\repository\io\rest-assured\rest-assured-common\5.3.0\rest-assured-common-5.3.0.jar;C:\Users\Nishita Jannat Alam\.m2\repository\io\rest-assured\xml-path\5.3.0\xml-path-5.3.0.jar;C:\Users\Nishita Jannat Alam\.m2\repository\org\apache\commons\commons-lang3\3.11\commons-lang3-3.11.jar;C:\Users\Nishita Jannat Alam\.m2\repository\io\cucumber\cucumber-java\5.5.0\cucumber-java-5.5.0.jar;C:\Users\Nishita Jannat Alam\.m2\repository\org\apiguardian\apiguardian-api\1.1.0\apiguardian-api-1.1.0.jar;C:\Users\Nishita Jannat Alam\.m2\repository\io\cucumber\cucumber-testng\5.5.0\cucumber-testng-5.5.0.jar;C:\Users\Nishita Jannat Alam\.m2\repository\io\cucumber\cucumber-core\5.5.0\cucumber-core-5.5.0.jar;C:\Users\Nishita Jannat Alam\.m2\repository\io\cucumber\cucumber-gherkin\5.5.0\cucumber-gherkin-5.5.0.jar;C:\Users\Nishita Jannat Alam\.m2\repository\io\cucumber\cucumber-gherkin-vintage\5.5.0\cucumber-gherkin-vintage-5.5.0.jar;C:\Users\Nishita Jannat Alam\.m2\repository\io\cucumber\tag-expressions\2.0.4\tag-expressions-2.0.4.jar;C:\Users\Nishita Jannat Alam\.m2\repository\io\cucumber\cucumber-expressions\8.3.1\cucumber-expressions-8.3.1.jar;C:\Users\Nishita Jannat Alam\.m2\repository\io\cucumber\datatable\3.3.0\datatable-3.3.0.jar;C:\Users\Nishita Jannat Alam\.m2\repository\io\cucumber\cucumber-plugin\5.5.0\cucumber-plugin-5.5.0.jar;C:\Users\Nishita Jannat Alam\.m2\repository\io\cucumber\docstring\5.5.0\docstring-5.5.0.jar;C:\Users\Nishita Jannat Alam\.m2\repository\org\testng\testng\7.1.0\testng-7.1.0.jar;C:\Users\Nishita Jannat Alam\.m2\repository\com\beust\jcommander\1.72\jcommander-1.72.jar;C:\Users\Nishita Jannat Alam\.m2\repository\com\google\inject\guice\4.1.0\guice-4.1.0-no_aop.jar;C:\Users\Nishita Jannat Alam\.m2\repository\javax\inject\javax.inject\1\javax.inject-1.jar;C:\Users\Nishita Jannat Alam\.m2\repository\aopalliance\aopalliance\1.0\aopalliance-1.0.jar;C:\Users\Nishita Jannat Alam\.m2\repository\com\google\guava\guava\19.0\guava-19.0.jar;C:\Users\Nishita Jannat Alam\.m2\repository\org\yaml\snakeyaml\1.21\snakeyaml-1.21.jar;C:\Users\Nishita Jannat Alam\.m2\repository\log4j\log4j\1.2.17\log4j-1.2.17.jar;C:\Users\Nishita Jannat Alam\.m2\repository\de\monochromata\cucumber\reporting-plugin\4.0.42\reporting-plugin-4.0.42.jar;C:\Users\Nishita Jannat Alam\.m2\repository\io\cucumber\gherkin\13.0.0\gherkin-13.0.0.jar;C:\Users\Nishita Jannat Alam\.m2\repository\io\cucumber\messages\12.0.0\messages-12.0.0.jar;C:\Users\Nishita Jannat Alam\.m2\repository\net\masterthought\cucumber-reporting\5.2.0\cucumber-reporting-5.2.0.jar;C:\Users\Nishita Jannat Alam\.m2\repository\com\fasterxml\jackson\core\jackson-databind\2.10.1\jackson-databind-2.10.1.jar;C:\Users\Nishita Jannat Alam\.m2\repository\com\fasterxml\jackson\core\jackson-annotations\2.10.1\jackson-annotations-2.10.1.jar;C:\Users\Nishita Jannat Alam\.m2\repository\com\fasterxml\jackson\core\jackson-core\2.10.1\jackson-core-2.10.1.jar;C:\Users\Nishita Jannat Alam\.m2\repository\com\fasterxml\jackson\datatype\jackson-datatype-jsr310\2.10.1\jackson-datatype-jsr310-2.10.1.jar;C:\Users\Nishita Jannat Alam\.m2\repository\org\apache\velocity\velocity-engine-core\2.1\velocity-engine-core-2.1.jar;C:\Users\Nishita Jannat Alam\.m2\repository\org\slf4j\slf4j-api\1.7.26\slf4j-api-1.7.26.jar;C:\Users\Nishita Jannat Alam\.m2\repository\commons-collections\commons-collections\3.2.2\commons-collections-3.2.2.jar;C:\Users\Nishita Jannat Alam\.m2\repository\joda-time\joda-time\2.10.5\joda-time-2.10.5.jar;C:\Users\Nishita Jannat Alam\.m2\repository\commons-io\commons-io\2.6\commons-io-2.6.jar;C:\Users\Nishita Jannat Alam\.m2\repository\org\codehaus\plexus\plexus-utils\3.3.0\plexus-utils-3.3.0.jar;C:\Users\Nishita Jannat Alam\.m2\repository\org\jsoup\jsoup\1.12.1\jsoup-1.12.1.jar;C:\Users\Nishita Jannat Alam\.m2\repository\com\googlecode\owasp-java-html-sanitizer\owasp-java-html-sanitizer\20191001.1\owasp-java-html-sanitizer-20191001.1.jar;C:\Users\Nishita Jannat Alam\.m2\repository\commons-configuration\commons-configuration\1.10\commons-configuration-1.10.jar;C:\Users\Nishita Jannat Alam\.m2\repository\commons-lang\commons-lang\2.6\commons-lang-2.6.jar;"/>
    <property name="java.vm.vendor" value="Oracle Corporation"/>
    <property name="sun.arch.data.model" value="64"/>
    <property name="user.variant" value=""/>
    <property name="java.vendor.url" value="https://openjdk.java.net/"/>
    <property name="user.timezone" value="America/New_York"/>
    <property name="java.vm.specification.version" value="11"/>
    <property name="os.name" value="Windows 10"/>
    <property name="sun.java.launcher" value="SUN_STANDARD"/>
    <property name="user.country" value="US"/>
    <property name="sun.boot.library.path" value="C:\Program Files\Java\jdk-11.0.15.1\bin"/>
    <property name="sun.java.command" value="C:\Users\Nishita Jannat Alam\AppData\Local\Temp\surefire12591771892188260976\surefirebooter-20230719160029954_3.jar C:\Users\Nishita Jannat Alam\AppData\Local\Temp\surefire12591771892188260976 2023-07-19T16-00-28_288-jvmRun1 surefire-20230719160029954_1tmp surefire_0-20230719160029954_2tmp"/>
    <property name="jdk.debug" value="release"/>
    <property name="surefire.test.class.path" value="C:\Users\Nishita Jannat Alam\Desktop\OSA0821202220A\osa_api_final\target\test-classes;C:\Users\Nishita Jannat Alam\Desktop\OSA0821202220A\osa_api_final\target\classes;C:\Users\Nishita Jannat Alam\.m2\repository\io\rest-assured\rest-assured\5.3.0\rest-assured-5.3.0.jar;C:\Users\Nishita Jannat Alam\.m2\repository\org\apache\groovy\groovy\4.0.6\groovy-4.0.6.jar;C:\Users\Nishita Jannat Alam\.m2\repository\org\apache\groovy\groovy-xml\4.0.6\groovy-xml-4.0.6.jar;C:\Users\Nishita Jannat Alam\.m2\repository\org\apache\httpcomponents\httpclient\4.5.13\httpclient-4.5.13.jar;C:\Users\Nishita Jannat Alam\.m2\repository\org\apache\httpcomponents\httpcore\4.4.13\httpcore-4.4.13.jar;C:\Users\Nishita Jannat Alam\.m2\repository\commons-logging\commons-logging\1.2\commons-logging-1.2.jar;C:\Users\Nishita Jannat Alam\.m2\repository\commons-codec\commons-codec\1.11\commons-codec-1.11.jar;C:\Users\Nishita Jannat Alam\.m2\repository\org\apache\httpcomponents\httpmime\4.5.13\httpmime-4.5.13.jar;C:\Users\Nishita Jannat Alam\.m2\repository\org\hamcrest\hamcrest\2.1\hamcrest-2.1.jar;C:\Users\Nishita Jannat Alam\.m2\repository\org\ccil\cowan\tagsoup\tagsoup\1.2.1\tagsoup-1.2.1.jar;C:\Users\Nishita Jannat Alam\.m2\repository\io\rest-assured\json-path\5.3.0\json-path-5.3.0.jar;C:\Users\Nishita Jannat Alam\.m2\repository\org\apache\groovy\groovy-json\4.0.6\groovy-json-4.0.6.jar;C:\Users\Nishita Jannat Alam\.m2\repository\io\rest-assured\rest-assured-common\5.3.0\rest-assured-common-5.3.0.jar;C:\Users\Nishita Jannat Alam\.m2\repository\io\rest-assured\xml-path\5.3.0\xml-path-5.3.0.jar;C:\Users\Nishita Jannat Alam\.m2\repository\org\apache\commons\commons-lang3\3.11\commons-lang3-3.11.jar;C:\Users\Nishita Jannat Alam\.m2\repository\io\cucumber\cucumber-java\5.5.0\cucumber-java-5.5.0.jar;C:\Users\Nishita Jannat Alam\.m2\repository\org\apiguardian\apiguardian-api\1.1.0\apiguardian-api-1.1.0.jar;C:\Users\Nishita Jannat Alam\.m2\repository\io\cucumber\cucumber-testng\5.5.0\cucumber-testng-5.5.0.jar;C:\Users\Nishita Jannat Alam\.m2\repository\io\cucumber\cucumber-core\5.5.0\cucumber-core-5.5.0.jar;C:\Users\Nishita Jannat Alam\.m2\repository\io\cucumber\cucumber-gherkin\5.5.0\cucumber-gherkin-5.5.0.jar;C:\Users\Nishita Jannat Alam\.m2\repository\io\cucumber\cucumber-gherkin-vintage\5.5.0\cucumber-gherkin-vintage-5.5.0.jar;C:\Users\Nishita Jannat Alam\.m2\repository\io\cucumber\tag-expressions\2.0.4\tag-expressions-2.0.4.jar;C:\Users\Nishita Jannat Alam\.m2\repository\io\cucumber\cucumber-expressions\8.3.1\cucumber-expressions-8.3.1.jar;C:\Users\Nishita Jannat Alam\.m2\repository\io\cucumber\datatable\3.3.0\datatable-3.3.0.jar;C:\Users\Nishita Jannat Alam\.m2\repository\io\cucumber\cucumber-plugin\5.5.0\cucumber-plugin-5.5.0.jar;C:\Users\Nishita Jannat Alam\.m2\repository\io\cucumber\docstring\5.5.0\docstring-5.5.0.jar;C:\Users\Nishita Jannat Alam\.m2\repository\org\testng\testng\7.1.0\testng-7.1.0.jar;C:\Users\Nishita Jannat Alam\.m2\repository\com\beust\jcommander\1.72\jcommander-1.72.jar;C:\Users\Nishita Jannat Alam\.m2\repository\com\google\inject\guice\4.1.0\guice-4.1.0-no_aop.jar;C:\Users\Nishita Jannat Alam\.m2\repository\javax\inject\javax.inject\1\javax.inject-1.jar;C:\Users\Nishita Jannat Alam\.m2\repository\aopalliance\aopalliance\1.0\aopalliance-1.0.jar;C:\Users\Nishita Jannat Alam\.m2\repository\com\google\guava\guava\19.0\guava-19.0.jar;C:\Users\Nishita Jannat Alam\.m2\repository\org\yaml\snakeyaml\1.21\snakeyaml-1.21.jar;C:\Users\Nishita Jannat Alam\.m2\repository\log4j\log4j\1.2.17\log4j-1.2.17.jar;C:\Users\Nishita Jannat Alam\.m2\repository\de\monochromata\cucumber\reporting-plugin\4.0.42\reporting-plugin-4.0.42.jar;C:\Users\Nishita Jannat Alam\.m2\repository\io\cucumber\gherkin\13.0.0\gherkin-13.0.0.jar;C:\Users\Nishita Jannat Alam\.m2\repository\io\cucumber\messages\12.0.0\messages-12.0.0.jar;C:\Users\Nishita Jannat Alam\.m2\repository\net\masterthought\cucumber-reporting\5.2.0\cucumber-reporting-5.2.0.jar;C:\Users\Nishita Jannat Alam\.m2\repository\com\fasterxml\jackson\core\jackson-databind\2.10.1\jackson-databind-2.10.1.jar;C:\Users\Nishita Jannat Alam\.m2\repository\com\fasterxml\jackson\core\jackson-annotations\2.10.1\jackson-annotations-2.10.1.jar;C:\Users\Nishita Jannat Alam\.m2\repository\com\fasterxml\jackson\core\jackson-core\2.10.1\jackson-core-2.10.1.jar;C:\Users\Nishita Jannat Alam\.m2\repository\com\fasterxml\jackson\datatype\jackson-datatype-jsr310\2.10.1\jackson-datatype-jsr310-2.10.1.jar;C:\Users\Nishita Jannat Alam\.m2\repository\org\apache\velocity\velocity-engine-core\2.1\velocity-engine-core-2.1.jar;C:\Users\Nishita Jannat Alam\.m2\repository\org\slf4j\slf4j-api\1.7.26\slf4j-api-1.7.26.jar;C:\Users\Nishita Jannat Alam\.m2\repository\commons-collections\commons-collections\3.2.2\commons-collections-3.2.2.jar;C:\Users\Nishita Jannat Alam\.m2\repository\joda-time\joda-time\2.10.5\joda-time-2.10.5.jar;C:\Users\Nishita Jannat Alam\.m2\repository\commons-io\commons-io\2.6\commons-io-2.6.jar;C:\Users\Nishita Jannat Alam\.m2\repository\org\codehaus\plexus\plexus-utils\3.3.0\plexus-utils-3.3.0.jar;C:\Users\Nishita Jannat Alam\.m2\repository\org\jsoup\jsoup\1.12.1\jsoup-1.12.1.jar;C:\Users\Nishita Jannat Alam\.m2\repository\com\googlecode\owasp-java-html-sanitizer\owasp-java-html-sanitizer\20191001.1\owasp-java-html-sanitizer-20191001.1.jar;C:\Users\Nishita Jannat Alam\.m2\repository\commons-configuration\commons-configuration\1.10\commons-configuration-1.10.jar;C:\Users\Nishita Jannat Alam\.m2\repository\commons-lang\commons-lang\2.6\commons-lang-2.6.jar;"/>
    <property name="sun.cpu.endian" value="little"/>
    <property name="user.home" value="C:\Users\Nishita Jannat Alam"/>
    <property name="user.language" value="en"/>
    <property name="java.specification.vendor" value="Oracle Corporation"/>
    <property name="java.version.date" value="2022-04-22"/>
    <property name="java.home" value="C:\Program Files\Java\jdk-11.0.15.1"/>
    <property name="file.separator" value="\"/>
    <property name="basedir" value="C:\Users\Nishita Jannat Alam\Desktop\OSA0821202220A\osa_api_final"/>
    <property name="java.vm.compressedOopsMode" value="32-bit"/>
    <property name="line.separator" value="&#10;"/>
    <property name="java.specification.name" value="Java Platform API Specification"/>
    <property name="java.vm.specification.vendor" value="Oracle Corporation"/>
    <property name="java.awt.graphicsenv" value="sun.awt.Win32GraphicsEnvironment"/>
    <property name="surefire.real.class.path" value="C:\Users\Nishita Jannat Alam\AppData\Local\Temp\surefire12591771892188260976\surefirebooter-20230719160029954_3.jar"/>
    <property name="user.script" value=""/>
    <property name="sun.management.compiler" value="HotSpot 64-Bit Tiered Compilers"/>
    <property name="java.runtime.version" value="11.0.15.1+2-LTS-10"/>
    <property name="user.name" value="Nishita Jannat Alam"/>
    <property name="path.separator" value=";"/>
    <property name="os.version" value="10.0"/>
    <property name="java.runtime.name" value="Java(TM) SE Runtime Environment"/>
    <property name="file.encoding" value="Cp1252"/>
    <property name="java.vm.name" value="Java HotSpot(TM) 64-Bit Server VM"/>
    <property name="java.vendor.version" value="18.9"/>
    <property name="localRepository" value="C:\Users\Nishita Jannat Alam\.m2\repository"/>
    <property name="java.vendor.url.bug" value="https://bugreport.java.com/bugreport/"/>
    <property name="java.io.tmpdir" value="C:\Users\NISHIT~1\AppData\Local\Temp\"/>
    <property name="java.version" value="11.0.15.1"/>
    <property name="user.dir" value="C:\Users\Nishita Jannat Alam\Desktop\OSA0821202220A\osa_api_final"/>
    <property name="os.arch" value="amd64"/>
    <property name="java.vm.specification.name" value="Java Virtual Machine Specification"/>
    <property name="java.awt.printerjob" value="sun.awt.windows.WPrinterJob"/>
    <property name="sun.os.patch.level" value=""/>
    <property name="java.library.path" value="C:\Program Files\Java\jdk-11.0.15.1\bin;C:\WINDOWS\Sun\Java\bin;C:\WINDOWS\system32;C:\WINDOWS;C:\Program Files\Common Files\Oracle\Java\javapath;C:\WINDOWS\system32;C:\WINDOWS;C:\WINDOWS\System32\Wbem;C:\WINDOWS\System32\WindowsPowerShell\v1.0\;C:\Program Files (x86)\Common Files\lenovo\easyplussdk\bin;C:\WINDOWS\System32\OpenSSH\;C:\Program Files\Intel\WiFi\bin\;C:\Program Files\Common Files\Intel\WirelessCommon\;c:\Program Files (x86)\Intel\Intel(R) Management Engine Components\DAL;c:\Program Files\Intel\Intel(R) Management Engine Components\DAL;C:\Users\Nishita Jannat Alam\AppData\Local\Microsoft\WindowsApps;C:\Program Files (x86)\Brackets\;C:\Program Files\Maven\apache-maven-3.9.1\bin;;."/>
    <property name="java.vendor" value="Oracle Corporation"/>
    <property name="java.vm.info" value="mixed mode"/>
    <property name="java.vm.version" value="11.0.15.1+2-LTS-10"/>
    <property name="sun.io.unicode.encoding" value="UnicodeLittle"/>
    <property name="java.class.version" value="55.0"/>
  </properties>
  <testcase name="runScenario[&quot;Common stesp scenarios&quot;, &quot;This feature file to setup for common steps&quot;](1)" classname="com.osa.runner.Runner" time="5.588">
    <system-out><![CDATA[
@Tests
Scenario: Common stesp scenarios                                               &amp#27;[90m# src/test/java/com/osa/features/Common.feature:4&amp#27;[0m
  &amp#27;[32mGiven &amp#27;[0m&amp#27;[32mI have completeted the authentication&amp#27;[0m                                  &amp#27;[90m# com.osa.steps.Common.i_have_completeted_the_authentication()&amp#27;[0m
{
    "studentId": "64a9d3d1f0dc7c9c00db86c7",
    "firstName": "shamima",
    "lastName": "Yesmin",
    "dob": "o8-23-1989",
    "contractInfo": {
        "email": "shamima88yesmin@gmail.com",
        "phone": "88884545454"
    },
    "aggrement": {
        "agree": true,
        "message": "I agree all the rules and condition from OSA Consulting Tech Corp"
    }
}
io.restassured.path.json.JsonPath@136ccbfe
  &amp#27;[32mWhen &amp#27;[0m&amp#27;[32mI send a &amp#27;[0m&amp#27;[32m&amp#27;[1m"GET"&amp#27;[0m&amp#27;[32m request to &amp#27;[0m&amp#27;[32m&amp#27;[1m"/students/64a9d3d1f0dc7c9c00db86c7"&amp#27;[0m&amp#27;[32m endpoint&amp#27;[0m &amp#27;[90m# com.osa.steps.Common.i_send_a_request_to_endpoint(java.lang.String,java.lang.String)&amp#27;[0m
  &amp#27;[32mThen &amp#27;[0m&amp#27;[32mI verify the response value for following fields&amp#27;[0m                        &amp#27;[90m# com.osa.steps.Common.i_verify_the_response_value_for_following_fields()&amp#27;[0m
]]></system-out>
    <system-err><![CDATA[Jul 19, 2023 4:00:32 PM io.cucumber.testng.TestNGCucumberRunner <init>
WARNING: By default Cucumber is running in --non-strict mode.
This default will change to --strict and --non-strict will be removed.
You can use --strict or @CucumberOptions(strict = true) to suppress this warning
]]></system-err>
  </testcase>
</testsuite>