<?xml version="1.0" encoding="UTF-8"?>
<!-- Generated by org.testng.reporters.JUnitReportReporter -->
<testsuite hostname="LAPTOP-OBL0SUSF" failures="0" tests="1" name="com.osa.runner.Runner" time="3.286" errors="0" timestamp="2023-07-11T14:49:47 EDT" skipped="0">
  <testcase classname="com.osa.runner.Runner" name="runScenario" time="3.286"/>
  <system-out/>
</testsuite> <!-- com.osa.runner.Runner -->
